26-11-2019 01:18:02.866 [main] INFO  c.b.k.DemoApplicationTests.logStarting - Starting DemoApplicationTests on MacBook-Pro.local with PID 97668 (started by DonghuKim in /Users/DonghuKim/Programming/Code/vue-workspace/keris-aig/keris-aig-backend)
26-11-2019 01:18:02.870 [main] INFO  c.b.k.DemoApplicationTests.logStartupProfileInfo - The following profiles are active: oracle
26-11-2019 01:18:03.595 [main] INFO  o.s.d.r.c.RepositoryConfigurationDelegate.multipleStoresDetected - Multiple Spring Data modules found, entering strict repository configuration mode!
26-11-2019 01:18:03.597 [main] INFO  o.s.d.r.c.RepositoryConfigurationDelegate.registerRepositoriesIn - Bootstrapping Spring Data repositories in DEFAULT mode.
26-11-2019 01:18:03.657 [main] INFO  o.s.d.r.c.RepositoryConfigurationExtensionSupport.isStrictRepositoryCandidate - Spring Data JDBC - Could not safely identify store assignment for repository candidate interface com.boinit.kerisaig.jpa.GradeUnitRepository. If you want this repository to be a JDBC repository, consider annotating your entities with one of these annotations: org.springframework.data.relational.core.mapping.Table.
26-11-2019 01:18:03.659 [main] INFO  o.s.d.r.c.RepositoryConfigurationExtensionSupport.isStrictRepositoryCandidate - Spring Data JDBC - Could not safely identify store assignment for repository candidate interface com.boinit.kerisaig.jpa.LearningObjectiveRepository. If you want this repository to be a JDBC repository, consider annotating your entities with one of these annotations: org.springframework.data.relational.core.mapping.Table.
26-11-2019 01:18:03.662 [main] INFO  o.s.d.r.c.RepositoryConfigurationExtensionSupport.isStrictRepositoryCandidate - Spring Data JDBC - Could not safely identify store assignment for repository candidate interface com.boinit.kerisaig.jpa.QuestionRepository. If you want this repository to be a JDBC repository, consider annotating your entities with one of these annotations: org.springframework.data.relational.core.mapping.Table.
26-11-2019 01:18:03.663 [main] INFO  o.s.d.r.c.RepositoryConfigurationDelegate.registerRepositoriesIn - Finished Spring Data repository scanning in 61ms. Found 0 repository interfaces.
26-11-2019 01:18:03.673 [main] INFO  o.s.d.r.c.RepositoryConfigurationDelegate.multipleStoresDetected - Multiple Spring Data modules found, entering strict repository configuration mode!
26-11-2019 01:18:03.676 [main] INFO  o.s.d.r.c.RepositoryConfigurationDelegate.registerRepositoriesIn - Bootstrapping Spring Data repositories in DEFAULT mode.
26-11-2019 01:18:03.720 [main] INFO  o.s.d.r.c.RepositoryConfigurationDelegate.registerRepositoriesIn - Finished Spring Data repository scanning in 37ms. Found 3 repository interfaces.
26-11-2019 01:18:04.159 [main] INFO  o.s.c.s.PostProcessorRegistrationDelegate$BeanPostProcessorChecker.postProcessAfterInitialization - Bean 'org.springframework.transaction.annotation.ProxyTransactionManagementConfiguration' of type [org.springframework.transaction.annotation.ProxyTransactionManagementConfiguration] is not eligible for getting processed by all BeanPostProcessors (for example: not eligible for auto-proxying)
26-11-2019 01:18:04.503 [main] INFO  o.h.jpa.internal.util.LogHelper.logPersistenceUnitInformation - HHH000204: Processing PersistenceUnitInfo [name: default]
26-11-2019 01:18:04.574 [main] INFO  org.hibernate.Version.logVersion - HHH000412: Hibernate Core {5.4.8.Final}
26-11-2019 01:18:04.705 [main] INFO  o.h.annotations.common.Version.<clinit> - HCANN000001: Hibernate Commons Annotations {5.1.0.Final}
26-11-2019 01:18:04.823 [main] INFO  com.zaxxer.hikari.HikariDataSource.getConnection - HikariPool-1 - Starting...
26-11-2019 01:18:05.781 [main] INFO  com.zaxxer.hikari.HikariDataSource.getConnection - HikariPool-1 - Start completed.
26-11-2019 01:18:05.803 [main] INFO  org.hibernate.dialect.Dialect.<init> - HHH000400: Using dialect: org.hibernate.dialect.Oracle10gDialect
26-11-2019 01:18:07.638 [main] INFO  o.h.e.t.j.p.i.JtaPlatformInitiator.initiateService - HHH000490: Using JtaPlatform implementation: [org.hibernate.engine.transaction.jta.platform.internal.NoJtaPlatform]
26-11-2019 01:18:07.646 [main] INFO  o.s.o.j.LocalContainerEntityManagerFactoryBean.buildNativeEntityManagerFactory - Initialized JPA EntityManagerFactory for persistence unit 'default'
26-11-2019 01:18:08.753 [main] WARN  o.s.b.a.o.j.JpaBaseConfiguration$JpaWebConfiguration.openEntityManagerInViewInterceptor - spring.jpa.open-in-view is enabled by default. Therefore, database queries may be performed during view rendering. Explicitly configure spring.jpa.open-in-view to disable this warning
26-11-2019 01:18:08.904 [main] INFO  o.s.s.c.ThreadPoolTaskExecutor.initialize - Initializing ExecutorService 'applicationTaskExecutor'
26-11-2019 01:18:09.457 [main] INFO  c.b.k.DemoApplicationTests.logStarted - Started DemoApplicationTests in 6.824 seconds (JVM running for 7.744)
26-11-2019 01:18:09.581 [SpringContextShutdownHook] INFO  o.s.s.c.ThreadPoolTaskExecutor.shutdown - Shutting down ExecutorService 'applicationTaskExecutor'
26-11-2019 01:18:09.584 [SpringContextShutdownHook] INFO  o.s.o.j.LocalContainerEntityManagerFactoryBean.destroy - Closing JPA EntityManagerFactory for persistence unit 'default'
26-11-2019 01:18:09.586 [SpringContextShutdownHook] INFO  com.zaxxer.hikari.HikariDataSource.close - HikariPool-1 - Shutdown initiated...
26-11-2019 01:18:10.018 [SpringContextShutdownHook] INFO  com.zaxxer.hikari.HikariDataSource.close - HikariPool-1 - Shutdown completed.
26-11-2019 01:20:32.667 [main] INFO  c.b.k.DemoApplicationTests.logStarting - Starting DemoApplicationTests on MacBook-Pro.local with PID 98165 (started by DonghuKim in /Users/DonghuKim/Programming/Code/vue-workspace/keris-aig/keris-aig-backend)
26-11-2019 01:20:32.668 [main] INFO  c.b.k.DemoApplicationTests.logStartupProfileInfo - The following profiles are active: oracle
26-11-2019 01:20:33.341 [main] INFO  o.s.d.r.c.RepositoryConfigurationDelegate.multipleStoresDetected - Multiple Spring Data modules found, entering strict repository configuration mode!
26-11-2019 01:20:33.342 [main] INFO  o.s.d.r.c.RepositoryConfigurationDelegate.registerRepositoriesIn - Bootstrapping Spring Data repositories in DEFAULT mode.
26-11-2019 01:20:33.395 [main] INFO  o.s.d.r.c.RepositoryConfigurationExtensionSupport.isStrictRepositoryCandidate - Spring Data JDBC - Could not safely identify store assignment for repository candidate interface com.boinit.kerisaig.jpa.GradeUnitRepository. If you want this repository to be a JDBC repository, consider annotating your entities with one of these annotations: org.springframework.data.relational.core.mapping.Table.
26-11-2019 01:20:33.398 [main] INFO  o.s.d.r.c.RepositoryConfigurationExtensionSupport.isStrictRepositoryCandidate - Spring Data JDBC - Could not safely identify store assignment for repository candidate interface com.boinit.kerisaig.jpa.LearningObjectiveRepository. If you want this repository to be a JDBC repository, consider annotating your entities with one of these annotations: org.springframework.data.relational.core.mapping.Table.
26-11-2019 01:20:33.402 [main] INFO  o.s.d.r.c.RepositoryConfigurationExtensionSupport.isStrictRepositoryCandidate - Spring Data JDBC - Could not safely identify store assignment for repository candidate interface com.boinit.kerisaig.jpa.QuestionRepository. If you want this repository to be a JDBC repository, consider annotating your entities with one of these annotations: org.springframework.data.relational.core.mapping.Table.
26-11-2019 01:20:33.403 [main] INFO  o.s.d.r.c.RepositoryConfigurationDelegate.registerRepositoriesIn - Finished Spring Data repository scanning in 55ms. Found 0 repository interfaces.
26-11-2019 01:20:33.415 [main] INFO  o.s.d.r.c.RepositoryConfigurationDelegate.multipleStoresDetected - Multiple Spring Data modules found, entering strict repository configuration mode!
26-11-2019 01:20:33.416 [main] INFO  o.s.d.r.c.RepositoryConfigurationDelegate.registerRepositoriesIn - Bootstrapping Spring Data repositories in DEFAULT mode.
26-11-2019 01:20:33.460 [main] INFO  o.s.d.r.c.RepositoryConfigurationDelegate.registerRepositoriesIn - Finished Spring Data repository scanning in 39ms. Found 3 repository interfaces.
26-11-2019 01:20:33.885 [main] INFO  o.s.c.s.PostProcessorRegistrationDelegate$BeanPostProcessorChecker.postProcessAfterInitialization - Bean 'org.springframework.transaction.annotation.ProxyTransactionManagementConfiguration' of type [org.springframework.transaction.annotation.ProxyTransactionManagementConfiguration] is not eligible for getting processed by all BeanPostProcessors (for example: not eligible for auto-proxying)
26-11-2019 01:20:34.218 [main] INFO  o.h.jpa.internal.util.LogHelper.logPersistenceUnitInformation - HHH000204: Processing PersistenceUnitInfo [name: default]
26-11-2019 01:20:34.293 [main] INFO  org.hibernate.Version.logVersion - HHH000412: Hibernate Core {5.4.8.Final}
26-11-2019 01:20:34.427 [main] INFO  o.h.annotations.common.Version.<clinit> - HCANN000001: Hibernate Commons Annotations {5.1.0.Final}
26-11-2019 01:20:34.541 [main] INFO  com.zaxxer.hikari.HikariDataSource.getConnection - HikariPool-1 - Starting...
26-11-2019 01:20:35.517 [main] INFO  com.zaxxer.hikari.HikariDataSource.getConnection - HikariPool-1 - Start completed.
26-11-2019 01:20:35.538 [main] INFO  org.hibernate.dialect.Dialect.<init> - HHH000400: Using dialect: org.hibernate.dialect.Oracle10gDialect
26-11-2019 01:20:37.442 [main] INFO  o.h.e.t.j.p.i.JtaPlatformInitiator.initiateService - HHH000490: Using JtaPlatform implementation: [org.hibernate.engine.transaction.jta.platform.internal.NoJtaPlatform]
26-11-2019 01:20:37.450 [main] INFO  o.s.o.j.LocalContainerEntityManagerFactoryBean.buildNativeEntityManagerFactory - Initialized JPA EntityManagerFactory for persistence unit 'default'
26-11-2019 01:20:38.689 [main] WARN  o.s.b.a.o.j.JpaBaseConfiguration$JpaWebConfiguration.openEntityManagerInViewInterceptor - spring.jpa.open-in-view is enabled by default. Therefore, database queries may be performed during view rendering. Explicitly configure spring.jpa.open-in-view to disable this warning
26-11-2019 01:20:38.856 [main] INFO  o.s.s.c.ThreadPoolTaskExecutor.initialize - Initializing ExecutorService 'applicationTaskExecutor'
26-11-2019 01:20:39.455 [main] INFO  c.b.k.DemoApplicationTests.logStarted - Started DemoApplicationTests in 7.083 seconds (JVM running for 8.019)
26-11-2019 01:20:39.572 [SpringContextShutdownHook] INFO  o.s.s.c.ThreadPoolTaskExecutor.shutdown - Shutting down ExecutorService 'applicationTaskExecutor'
26-11-2019 01:20:39.575 [SpringContextShutdownHook] INFO  o.s.o.j.LocalContainerEntityManagerFactoryBean.destroy - Closing JPA EntityManagerFactory for persistence unit 'default'
26-11-2019 01:20:39.577 [SpringContextShutdownHook] INFO  com.zaxxer.hikari.HikariDataSource.close - HikariPool-1 - Shutdown initiated...
26-11-2019 01:20:40.027 [SpringContextShutdownHook] INFO  com.zaxxer.hikari.HikariDataSource.close - HikariPool-1 - Shutdown completed.
26-11-2019 01:21:39.314 [main] INFO  c.b.k.DemoApplicationTests.logStarting - Starting DemoApplicationTests on MacBook-Pro.local with PID 98373 (started by DonghuKim in /Users/DonghuKim/Programming/Code/vue-workspace/keris-aig/keris-aig-backend)
26-11-2019 01:21:39.316 [main] INFO  c.b.k.DemoApplicationTests.logStartupProfileInfo - The following profiles are active: oracle
26-11-2019 01:21:40.001 [main] INFO  o.s.d.r.c.RepositoryConfigurationDelegate.multipleStoresDetected - Multiple Spring Data modules found, entering strict repository configuration mode!
26-11-2019 01:21:40.003 [main] INFO  o.s.d.r.c.RepositoryConfigurationDelegate.registerRepositoriesIn - Bootstrapping Spring Data repositories in DEFAULT mode.
26-11-2019 01:21:40.046 [main] INFO  o.s.d.r.c.RepositoryConfigurationExtensionSupport.isStrictRepositoryCandidate - Spring Data JDBC - Could not safely identify store assignment for repository candidate interface com.boinit.kerisaig.jpa.GradeUnitRepository. If you want this repository to be a JDBC repository, consider annotating your entities with one of these annotations: org.springframework.data.relational.core.mapping.Table.
26-11-2019 01:21:40.048 [main] INFO  o.s.d.r.c.RepositoryConfigurationExtensionSupport.isStrictRepositoryCandidate - Spring Data JDBC - Could not safely identify store assignment for repository candidate interface com.boinit.kerisaig.jpa.LearningObjectiveRepository. If you want this repository to be a JDBC repository, consider annotating your entities with one of these annotations: org.springframework.data.relational.core.mapping.Table.
26-11-2019 01:21:40.052 [main] INFO  o.s.d.r.c.RepositoryConfigurationExtensionSupport.isStrictRepositoryCandidate - Spring Data JDBC - Could not safely identify store assignment for repository candidate interface com.boinit.kerisaig.jpa.QuestionRepository. If you want this repository to be a JDBC repository, consider annotating your entities with one of these annotations: org.springframework.data.relational.core.mapping.Table.
26-11-2019 01:21:40.053 [main] INFO  o.s.d.r.c.RepositoryConfigurationDelegate.registerRepositoriesIn - Finished Spring Data repository scanning in 44ms. Found 0 repository interfaces.
26-11-2019 01:21:40.065 [main] INFO  o.s.d.r.c.RepositoryConfigurationDelegate.multipleStoresDetected - Multiple Spring Data modules found, entering strict repository configuration mode!
26-11-2019 01:21:40.066 [main] INFO  o.s.d.r.c.RepositoryConfigurationDelegate.registerRepositoriesIn - Bootstrapping Spring Data repositories in DEFAULT mode.
26-11-2019 01:21:40.118 [main] INFO  o.s.d.r.c.RepositoryConfigurationDelegate.registerRepositoriesIn - Finished Spring Data repository scanning in 46ms. Found 3 repository interfaces.
26-11-2019 01:21:40.533 [main] INFO  o.s.c.s.PostProcessorRegistrationDelegate$BeanPostProcessorChecker.postProcessAfterInitialization - Bean 'org.springframework.transaction.annotation.ProxyTransactionManagementConfiguration' of type [org.springframework.transaction.annotation.ProxyTransactionManagementConfiguration] is not eligible for getting processed by all BeanPostProcessors (for example: not eligible for auto-proxying)
26-11-2019 01:21:40.848 [main] INFO  o.h.jpa.internal.util.LogHelper.logPersistenceUnitInformation - HHH000204: Processing PersistenceUnitInfo [name: default]
26-11-2019 01:21:40.919 [main] INFO  org.hibernate.Version.logVersion - HHH000412: Hibernate Core {5.4.8.Final}
26-11-2019 01:21:41.050 [main] INFO  o.h.annotations.common.Version.<clinit> - HCANN000001: Hibernate Commons Annotations {5.1.0.Final}
26-11-2019 01:21:41.159 [main] INFO  com.zaxxer.hikari.HikariDataSource.getConnection - HikariPool-1 - Starting...
26-11-2019 01:21:42.103 [main] INFO  com.zaxxer.hikari.HikariDataSource.getConnection - HikariPool-1 - Start completed.
26-11-2019 01:21:42.123 [main] INFO  org.hibernate.dialect.Dialect.<init> - HHH000400: Using dialect: org.hibernate.dialect.Oracle10gDialect
26-11-2019 01:21:44.171 [main] INFO  o.h.e.t.j.p.i.JtaPlatformInitiator.initiateService - HHH000490: Using JtaPlatform implementation: [org.hibernate.engine.transaction.jta.platform.internal.NoJtaPlatform]
26-11-2019 01:21:44.179 [main] INFO  o.s.o.j.LocalContainerEntityManagerFactoryBean.buildNativeEntityManagerFactory - Initialized JPA EntityManagerFactory for persistence unit 'default'
26-11-2019 01:21:45.251 [main] WARN  o.s.b.a.o.j.JpaBaseConfiguration$JpaWebConfiguration.openEntityManagerInViewInterceptor - spring.jpa.open-in-view is enabled by default. Therefore, database queries may be performed during view rendering. Explicitly configure spring.jpa.open-in-view to disable this warning
26-11-2019 01:21:45.395 [main] INFO  o.s.s.c.ThreadPoolTaskExecutor.initialize - Initializing ExecutorService 'applicationTaskExecutor'
26-11-2019 01:21:52.981 [main] INFO  c.b.k.DemoApplicationTests.logStarting - Starting DemoApplicationTests on MacBook-Pro.local with PID 98493 (started by DonghuKim in /Users/DonghuKim/Programming/Code/vue-workspace/keris-aig/keris-aig-backend)
26-11-2019 01:21:52.982 [main] INFO  c.b.k.DemoApplicationTests.logStartupProfileInfo - The following profiles are active: oracle
26-11-2019 01:21:53.666 [main] INFO  o.s.d.r.c.RepositoryConfigurationDelegate.multipleStoresDetected - Multiple Spring Data modules found, entering strict repository configuration mode!
26-11-2019 01:21:53.668 [main] INFO  o.s.d.r.c.RepositoryConfigurationDelegate.registerRepositoriesIn - Bootstrapping Spring Data repositories in DEFAULT mode.
26-11-2019 01:21:53.724 [main] INFO  o.s.d.r.c.RepositoryConfigurationExtensionSupport.isStrictRepositoryCandidate - Spring Data JDBC - Could not safely identify store assignment for repository candidate interface com.boinit.kerisaig.jpa.GradeUnitRepository. If you want this repository to be a JDBC repository, consider annotating your entities with one of these annotations: org.springframework.data.relational.core.mapping.Table.
26-11-2019 01:21:53.727 [main] INFO  o.s.d.r.c.RepositoryConfigurationExtensionSupport.isStrictRepositoryCandidate - Spring Data JDBC - Could not safely identify store assignment for repository candidate interface com.boinit.kerisaig.jpa.LearningObjectiveRepository. If you want this repository to be a JDBC repository, consider annotating your entities with one of these annotations: org.springframework.data.relational.core.mapping.Table.
26-11-2019 01:21:53.729 [main] INFO  o.s.d.r.c.RepositoryConfigurationExtensionSupport.isStrictRepositoryCandidate - Spring Data JDBC - Could not safely identify store assignment for repository candidate interface com.boinit.kerisaig.jpa.QuestionRepository. If you want this repository to be a JDBC repository, consider annotating your entities with one of these annotations: org.springframework.data.relational.core.mapping.Table.
26-11-2019 01:21:53.730 [main] INFO  o.s.d.r.c.RepositoryConfigurationDelegate.registerRepositoriesIn - Finished Spring Data repository scanning in 55ms. Found 0 repository interfaces.
26-11-2019 01:21:53.739 [main] INFO  o.s.d.r.c.RepositoryConfigurationDelegate.multipleStoresDetected - Multiple Spring Data modules found, entering strict repository configuration mode!
26-11-2019 01:21:53.741 [main] INFO  o.s.d.r.c.RepositoryConfigurationDelegate.registerRepositoriesIn - Bootstrapping Spring Data repositories in DEFAULT mode.
26-11-2019 01:21:53.784 [main] INFO  o.s.d.r.c.RepositoryConfigurationDelegate.registerRepositoriesIn - Finished Spring Data repository scanning in 38ms. Found 3 repository interfaces.
26-11-2019 01:21:54.209 [main] INFO  o.s.c.s.PostProcessorRegistrationDelegate$BeanPostProcessorChecker.postProcessAfterInitialization - Bean 'org.springframework.transaction.annotation.ProxyTransactionManagementConfiguration' of type [org.springframework.transaction.annotation.ProxyTransactionManagementConfiguration] is not eligible for getting processed by all BeanPostProcessors (for example: not eligible for auto-proxying)
26-11-2019 01:21:54.551 [main] INFO  o.h.jpa.internal.util.LogHelper.logPersistenceUnitInformation - HHH000204: Processing PersistenceUnitInfo [name: default]
26-11-2019 01:21:54.629 [main] INFO  org.hibernate.Version.logVersion - HHH000412: Hibernate Core {5.4.8.Final}
26-11-2019 01:21:54.768 [main] INFO  o.h.annotations.common.Version.<clinit> - HCANN000001: Hibernate Commons Annotations {5.1.0.Final}
26-11-2019 01:21:54.888 [main] INFO  com.zaxxer.hikari.HikariDataSource.getConnection - HikariPool-1 - Starting...
26-11-2019 01:21:55.910 [main] INFO  com.zaxxer.hikari.HikariDataSource.getConnection - HikariPool-1 - Start completed.
26-11-2019 01:21:55.931 [main] INFO  org.hibernate.dialect.Dialect.<init> - HHH000400: Using dialect: org.hibernate.dialect.Oracle10gDialect
26-11-2019 01:21:57.743 [main] INFO  o.h.e.t.j.p.i.JtaPlatformInitiator.initiateService - HHH000490: Using JtaPlatform implementation: [org.hibernate.engine.transaction.jta.platform.internal.NoJtaPlatform]
26-11-2019 01:21:57.750 [main] INFO  o.s.o.j.LocalContainerEntityManagerFactoryBean.buildNativeEntityManagerFactory - Initialized JPA EntityManagerFactory for persistence unit 'default'
26-11-2019 01:21:58.985 [main] WARN  o.s.b.a.o.j.JpaBaseConfiguration$JpaWebConfiguration.openEntityManagerInViewInterceptor - spring.jpa.open-in-view is enabled by default. Therefore, database queries may be performed during view rendering. Explicitly configure spring.jpa.open-in-view to disable this warning
26-11-2019 01:21:59.144 [main] INFO  o.s.s.c.ThreadPoolTaskExecutor.initialize - Initializing ExecutorService 'applicationTaskExecutor'
26-11-2019 01:21:59.772 [main] INFO  c.b.k.DemoApplicationTests.logStarted - Started DemoApplicationTests in 7.046 seconds (JVM running for 7.93)
26-11-2019 01:21:59.882 [SpringContextShutdownHook] INFO  o.s.s.c.ThreadPoolTaskExecutor.shutdown - Shutting down ExecutorService 'applicationTaskExecutor'
26-11-2019 01:21:59.884 [SpringContextShutdownHook] INFO  o.s.o.j.LocalContainerEntityManagerFactoryBean.destroy - Closing JPA EntityManagerFactory for persistence unit 'default'
26-11-2019 01:21:59.886 [SpringContextShutdownHook] INFO  com.zaxxer.hikari.HikariDataSource.close - HikariPool-1 - Shutdown initiated...
26-11-2019 01:22:00.382 [SpringContextShutdownHook] INFO  com.zaxxer.hikari.HikariDataSource.close - HikariPool-1 - Shutdown completed.
